E, [2019-06-25T20:21:15.035187 #10252] ERROR -- Kitchen: ------Exception-------
E, [2019-06-25T20:21:15.035532 #10252] ERROR -- Kitchen: Class: Kitchen::UserError
E, [2019-06-25T20:21:15.035603 #10252] ERROR -- Kitchen: Message: Kitchen YAML file C:/Users/Miguel/Desktop/INGRAM_MICRO/cat-job-offer-exercise/kitchen.yml does not exist.
E, [2019-06-25T20:21:15.035659 #10252] ERROR -- Kitchen: ----------------------
E, [2019-06-25T20:21:15.035711 #10252] ERROR -- Kitchen: ------Backtrace-------
E, [2019-06-25T20:21:15.035758 #10252] ERROR -- Kitchen: C:/opscode/chefdk/embedded/lib/ruby/gems/2.6.0/gems/test-kitchen-2.2.5/lib/kitchen/loader/yaml.rb:65:in `read'
E, [2019-06-25T20:21:15.035893 #10252] ERROR -- Kitchen: C:/opscode/chefdk/embedded/lib/ruby/gems/2.6.0/gems/test-kitchen-2.2.5/lib/kitchen/config.rb:152:in `data'
E, [2019-06-25T20:21:15.036138 #10252] ERROR -- Kitchen: C:/opscode/chefdk/embedded/lib/ruby/gems/2.6.0/gems/test-kitchen-2.2.5/lib/kitchen/config.rb:131:in `suites'
E, [2019-06-25T20:21:15.036183 #10252] ERROR -- Kitchen: C:/opscode/chefdk/embedded/lib/ruby/gems/2.6.0/gems/test-kitchen-2.2.5/lib/kitchen/config.rb:182:in `filter_instances'
E, [2019-06-25T20:21:15.036220 #10252] ERROR -- Kitchen: C:/opscode/chefdk/embedded/lib/ruby/gems/2.6.0/gems/test-kitchen-2.2.5/lib/kitchen/config.rb:141:in `build_instances'
E, [2019-06-25T20:21:15.036254 #10252] ERROR -- Kitchen: C:/opscode/chefdk/embedded/lib/ruby/gems/2.6.0/gems/test-kitchen-2.2.5/lib/kitchen/config.rb:117:in `instances'
E, [2019-06-25T20:21:15.036287 #10252] ERROR -- Kitchen: C:/opscode/chefdk/embedded/lib/ruby/gems/2.6.0/gems/test-kitchen-2.2.5/lib/kitchen/command.rb:112:in `filtered_instances'
E, [2019-06-25T20:21:15.036323 #10252] ERROR -- Kitchen: C:/opscode/chefdk/embedded/lib/ruby/gems/2.6.0/gems/test-kitchen-2.2.5/lib/kitchen/command.rb:142:in `parse_subcommand'
E, [2019-06-25T20:21:15.036357 #10252] ERROR -- Kitchen: C:/opscode/chefdk/embedded/lib/ruby/gems/2.6.0/gems/test-kitchen-2.2.5/lib/kitchen/command/list.rb:30:in `call'
E, [2019-06-25T20:21:15.036424 #10252] ERROR -- Kitchen: C:/opscode/chefdk/embedded/lib/ruby/gems/2.6.0/gems/test-kitchen-2.2.5/lib/kitchen/cli.rb:52:in `perform'
E, [2019-06-25T20:21:15.036559 #10252] ERROR -- Kitchen: C:/opscode/chefdk/embedded/lib/ruby/gems/2.6.0/gems/test-kitchen-2.2.5/lib/kitchen/cli.rb:120:in `list'
E, [2019-06-25T20:21:15.036618 #10252] ERROR -- Kitchen: C:/opscode/chefdk/embedded/lib/ruby/gems/2.6.0/gems/thor-0.20.3/lib/thor/command.rb:27:in `run'
E, [2019-06-25T20:21:15.036665 #10252] ERROR -- Kitchen: C:/opscode/chefdk/embedded/lib/ruby/gems/2.6.0/gems/thor-0.20.3/lib/thor/invocation.rb:126:in `invoke_command'
E, [2019-06-25T20:21:15.036707 #10252] ERROR -- Kitchen: C:/opscode/chefdk/embedded/lib/ruby/gems/2.6.0/gems/thor-0.20.3/lib/thor.rb:387:in `dispatch'
E, [2019-06-25T20:21:15.036760 #10252] ERROR -- Kitchen: C:/opscode/chefdk/embedded/lib/ruby/gems/2.6.0/gems/thor-0.20.3/lib/thor/base.rb:466:in `start'
E, [2019-06-25T20:21:15.036804 #10252] ERROR -- Kitchen: C:/opscode/chefdk/embedded/lib/ruby/gems/2.6.0/gems/test-kitchen-2.2.5/bin/kitchen:13:in `block in <top (required)>'
E, [2019-06-25T20:21:15.036840 #10252] ERROR -- Kitchen: C:/opscode/chefdk/embedded/lib/ruby/gems/2.6.0/gems/test-kitchen-2.2.5/lib/kitchen/errors.rb:171:in `with_friendly_errors'
E, [2019-06-25T20:21:15.036875 #10252] ERROR -- Kitchen: C:/opscode/chefdk/embedded/lib/ruby/gems/2.6.0/gems/test-kitchen-2.2.5/bin/kitchen:13:in `<top (required)>'
E, [2019-06-25T20:21:15.036909 #10252] ERROR -- Kitchen: C:/opscode/chefdk/bin/kitchen:332:in `load'
E, [2019-06-25T20:21:15.036943 #10252] ERROR -- Kitchen: C:/opscode/chefdk/bin/kitchen:332:in `<main>'
E, [2019-06-25T20:21:15.036975 #10252] ERROR -- Kitchen: ----End Backtrace-----
